<?xml version="1.0" encoding="UTF-8"?>
<!-- Generated by org.testng.reporters.JUnitXMLReporter -->
<testsuite ignored="0" hostname="LAPTOP-POM6KTNO" failures="1" tests="2" name="Test" time="14.176" errors="0" timestamp="2023-06-15T15:29:39 IST">
  <testcase classname="com.mystore.testcases.TC_AccountLogin" name="verifyloginregisteration" time="2.855"/>
  <testcase classname="com.mystore.testcases.TC_AccountLogin" name="loginwithusernameandpwd" time="1.55">
    <failure type="java.lang.AssertionError" message="expected [true] but found [false]">
      <![CDATA[java.lang.AssertionError: expected [true] but found [false]
at com.mystore.testcases.TC_AccountLogin.loginwithusernameandpwd(TC_AccountLogin.java:84)
at java.base/java.util.ArrayList.forEach(ArrayList.java:1511)
... Removed 31 stack frames]]>
    </failure>
  </testcase> <!-- loginwithusernameandpwd -->
</testsuite> <!-- Test -->
